[14:19:23] [Server thread/INFO]: Starting minecraft server version 1.12.2
[14:19:23] [Server thread/INFO]: Loading properties
[14:19:23] [Server thread/INFO]: Default game type: SURVIVAL
[14:19:24] [Server thread/INFO]: This server is running Paper version git-Paper-1620 (MC: 1.12.2) (Implementing API version 1.12.2-R0.1-SNAPSHOT)
[14:19:24] [Server thread/INFO]: Debug logging is disabled
[14:19:24] [Server thread/INFO]: Server Ping Player Sample Count: 12
[14:19:24] [Server thread/INFO]: Using 4 threads for Netty based IO
[14:19:24] [Server thread/INFO]: Generating keypair
[14:19:24] [Server thread/INFO]: Starting Minecraft server on *:25565
[14:19:24] [Server thread/INFO]: Using epoll channel type
[14:19:24] [Server thread/INFO]: **** Beginning UUID conversion, this may take A LONG time ****
[14:19:24] [Server thread/INFO]: Preparing level "world"
[14:19:24] [Server thread/INFO]: -------- World Settings For [world] --------
[14:19:24] [Server thread/INFO]: Mob Spawn Range: 4
[14:19:24] [Server thread/INFO]: Cactus Growth Modifier: 100%
[14:19:24] [Server thread/INFO]: Cane Growth Modifier: 100%
[14:19:24] [Server thread/INFO]: Melon Growth Modifier: 100%
[14:19:24] [Server thread/INFO]: Mushroom Growth Modifier: 100%
[14:19:24] [Server thread/INFO]: Pumpkin Growth Modifier: 100%
[14:19:24] [Server thread/INFO]: Sapling Growth Modifier: 100%
[14:19:24] [Server thread/INFO]: Wheat Growth Modifier: 100%
[14:19:24] [Server thread/INFO]: NetherWart Growth Modifier: 100%
[14:19:24] [Server thread/INFO]: Vine Growth Modifier: 100%
[14:19:24] [Server thread/INFO]: Cocoa Growth Modifier: 100%
[14:19:24] [Server thread/INFO]: Entity Activation Range: An 32 / Mo 32 / Mi 16 / Tiv true
[14:19:24] [Server thread/INFO]: Entity Tracking Range: Pl 48 / An 48 / Mo 48 / Mi 32 / Other 64
[14:19:24] [Server thread/INFO]: Hopper Transfer: 8 Hopper Check: 1 Hopper Amount: 1
[14:19:24] [Server thread/INFO]: Random Lighting Updates: false
[14:19:24] [Server thread/INFO]: Structure Info Saving: true
[14:19:24] [Server thread/INFO]: Custom Map Seeds:  Village: 10387312 Feature: 14357617 Monument: 10387313 Slime: 987234911
[14:19:24] [Server thread/INFO]: Max TNT Explosions: 100
[14:19:24] [Server thread/INFO]: Tile Max Tick Time: 50ms Entity max Tick Time: 50ms
[14:19:24] [Server thread/INFO]: Item Despawn Rate: 6000
[14:19:24] [Server thread/INFO]: Item Merge Radius: 2.5
[14:19:24] [Server thread/INFO]: View Distance: 10
[14:19:24] [Server thread/INFO]: Arrow Despawn Rate: 1200
[14:19:24] [Server thread/INFO]: Allow Zombie Pigmen to spawn from portal blocks: true
[14:19:24] [Server thread/INFO]: Experience Merge Radius: 3.0
[14:19:24] [Server thread/INFO]: Zombie Aggressive Towards Villager: true
[14:19:24] [Server thread/INFO]: Nerfing mobs spawned from spawners: false
[14:19:26] [Server thread/INFO]: -------- World Settings For [world_nether] --------
[14:19:26] [Server thread/INFO]: Mob Spawn Range: 4
[14:19:26] [Server thread/INFO]: Cactus Growth Modifier: 100%
[14:19:26] [Server thread/INFO]: Cane Growth Modifier: 100%
[14:19:26] [Server thread/INFO]: Melon Growth Modifier: 100%
[14:19:26] [Server thread/INFO]: Mushroom Growth Modifier: 100%
[14:19:26] [Server thread/INFO]: Pumpkin Growth Modifier: 100%
[14:19:26] [Server thread/INFO]: Sapling Growth Modifier: 100%
[14:19:26] [Server thread/INFO]: Wheat Growth Modifier: 100%
[14:19:26] [Server thread/INFO]: NetherWart Growth Modifier: 100%
[14:19:26] [Server thread/INFO]: Vine Growth Modifier: 100%
[14:19:26] [Server thread/INFO]: Cocoa Growth Modifier: 100%
[14:19:26] [Server thread/INFO]: Entity Activation Range: An 32 / Mo 32 / Mi 16 / Tiv true
[14:19:26] [Server thread/INFO]: Entity Tracking Range: Pl 48 / An 48 / Mo 48 / Mi 32 / Other 64
[14:19:26] [Server thread/INFO]: Hopper Transfer: 8 Hopper Check: 1 Hopper Amount: 1
[14:19:26] [Server thread/INFO]: Random Lighting Updates: false
[14:19:26] [Server thread/INFO]: Structure Info Saving: true
[14:19:26] [Server thread/INFO]: Custom Map Seeds:  Village: 10387312 Feature: 14357617 Monument: 10387313 Slime: 987234911
[14:19:26] [Server thread/INFO]: Max TNT Explosions: 100
[14:19:26] [Server thread/INFO]: Tile Max Tick Time: 50ms Entity max Tick Time: 50ms
[14:19:26] [Server thread/INFO]: Item Despawn Rate: 6000
[14:19:26] [Server thread/INFO]: Item Merge Radius: 2.5
[14:19:26] [Server thread/INFO]: View Distance: 10
[14:19:26] [Server thread/INFO]: Arrow Despawn Rate: 1200
[14:19:26] [Server thread/INFO]: Allow Zombie Pigmen to spawn from portal blocks: true
[14:19:26] [Server thread/INFO]: Experience Merge Radius: 3.0
[14:19:26] [Server thread/INFO]: Zombie Aggressive Towards Villager: true
[14:19:26] [Server thread/INFO]: Nerfing mobs spawned from spawners: false
[14:19:26] [Server thread/INFO]: -------- World Settings For [world_the_end] --------
[14:19:26] [Server thread/INFO]: Mob Spawn Range: 4
[14:19:26] [Server thread/INFO]: Cactus Growth Modifier: 100%
[14:19:26] [Server thread/INFO]: Cane Growth Modifier: 100%
[14:19:26] [Server thread/INFO]: Melon Growth Modifier: 100%
[14:19:26] [Server thread/INFO]: Mushroom Growth Modifier: 100%
[14:19:26] [Server thread/INFO]: Pumpkin Growth Modifier: 100%
[14:19:26] [Server thread/INFO]: Sapling Growth Modifier: 100%
[14:19:26] [Server thread/INFO]: Wheat Growth Modifier: 100%
[14:19:26] [Server thread/INFO]: NetherWart Growth Modifier: 100%
[14:19:26] [Server thread/INFO]: Vine Growth Modifier: 100%
[14:19:26] [Server thread/INFO]: Cocoa Growth Modifier: 100%
[14:19:26] [Server thread/INFO]: Entity Activation Range: An 32 / Mo 32 / Mi 16 / Tiv true
[14:19:26] [Server thread/INFO]: Entity Tracking Range: Pl 48 / An 48 / Mo 48 / Mi 32 / Other 64
[14:19:26] [Server thread/INFO]: Hopper Transfer: 8 Hopper Check: 1 Hopper Amount: 1
[14:19:26] [Server thread/INFO]: Random Lighting Updates: false
[14:19:26] [Server thread/INFO]: Structure Info Saving: true
[14:19:26] [Server thread/INFO]: Custom Map Seeds:  Village: 10387312 Feature: 14357617 Monument: 10387313 Slime: 987234911
[14:19:26] [Server thread/INFO]: Max TNT Explosions: 100
[14:19:26] [Server thread/INFO]: Tile Max Tick Time: 50ms Entity max Tick Time: 50ms
[14:19:26] [Server thread/INFO]: Item Despawn Rate: 6000
[14:19:26] [Server thread/INFO]: Item Merge Radius: 2.5
[14:19:26] [Server thread/INFO]: View Distance: 10
[14:19:26] [Server thread/INFO]: Arrow Despawn Rate: 1200
[14:19:26] [Server thread/INFO]: Allow Zombie Pigmen to spawn from portal blocks: true
[14:19:26] [Server thread/INFO]: Experience Merge Radius: 3.0
[14:19:26] [Server thread/INFO]: Zombie Aggressive Towards Villager: true
[14:19:26] [Server thread/INFO]: Nerfing mobs spawned from spawners: false
[14:19:26] [Server thread/INFO]: Preparing start region for level 0 (Seed: 5562076954051809072)
[14:19:27] [Server thread/INFO]: Preparing spawn area: 4%
[14:19:28] [Server thread/INFO]: Preparing spawn area: 12%
[14:19:29] [Server thread/INFO]: Preparing spawn area: 19%
[14:19:30] [Server thread/INFO]: Preparing spawn area: 31%
[14:19:31] [Server thread/INFO]: Preparing spawn area: 43%
[14:19:31] [Server thread/INFO]: Preparing start region for level 1 (Seed: 5562076954051809072)
[14:19:32] [Server thread/INFO]: Preparing spawn area: 13%
[14:19:33] [Server thread/INFO]: Preparing spawn area: 29%
[14:19:34] [Server thread/INFO]: Preparing start region for level 2 (Seed: 5562076954051809072)
[14:19:34] [Server thread/INFO]: Done (10.281s)! For help, type "help" or "?"
[14:19:34] [Server thread/INFO]: Timings Reset
[14:20:11] [Server thread/INFO]: Stopping server
[14:20:11] [Server thread/INFO]: Saving players
[14:20:11] [Server thread/INFO]: Saving worlds
[14:20:11] [Server thread/INFO]: Saving chunks for level 'world'/overworld
[14:20:12] [Server thread/INFO]: Saving chunks for level 'world_nether'/the_nether
[14:20:12] [Server thread/INFO]: Saving chunks for level 'world_the_end'/the_end
